<?xml version="1.0" encoding="UTF-8"?>
<testsuite xmlns:xsi="http://www.w3.org/2001/XMLSchema-instance" xsi:noNamespaceSchemaLocation="https://maven.apache.org/surefire/maven-surefire-plugin/xsd/surefire-test-report-3.0.xsd" version="3.0" name="Runners.TestRunner" time="126.066" tests="13" errors="0" skipped="0" failures="0">
  <properties>
[...]
</properties>
  <testcase name="runScenario[&quot;Login with valid credentials&quot;, &quot;Login functionality&quot;](1)" classname="Runners.TestRunner" time="14.822">
    <system-out><![CDATA[
Scenario Outline: Login with valid credentials                                  &amp#27;[90m# src/test/resources/features/Login.feature:11&amp#27;[0m
  &amp#27;[32mGiven &amp#27;[0m&amp#27;[32mUser navigates to login page&amp#27;[0m                                            &amp#27;[90m# StepDefinitions.LoginStepDef.user_navigates_to_login_page()&amp#27;[0m
  &amp#27;[32mWhen &amp#27;[0m&amp#27;[32mUser has entered the valid email address &amp#27;[0m&amp#27;[32m&amp#27;[1m"123@mail.ru"&amp#27;[0m&amp#27;[32m into email fields&amp#27;[0m &amp#27;[90m# StepDefinitions.LoginStepDef.user_has_entered_the_valid_email_address_into_email_fields(java.lang.String)&amp#27;[0m
  &amp#27;[32mAnd &amp#27;[0m&amp#27;[32mUser has entered the valid password &amp#27;[0m&amp#27;[32m&amp#27;[1m"12345"&amp#27;[0m&amp#27;[32m into password field&amp#27;[0m           &amp#27;[90m# StepDefinitions.LoginStepDef.user_has_entered_the_valid_password_into_password_field(java.lang.String)&amp#27;[0m
  &amp#27;[32mAnd &amp#27;[0m&amp#27;[32mUser clicks on Login button&amp#27;[0m                                               &amp#27;[90m# StepDefinitions.LoginStepDef.user_clicks_on_login_button()&amp#27;[0m
  &amp#27;[32mThen &amp#27;[0m&amp#27;[32mUser Should been login successfully&amp#27;[0m                                      &amp#27;[90m# StepDefinitions.LoginStepDef.user_should_been_login_successfully()&amp#27;[0m
]]></system-out>
    <system-err><![CDATA[SLF4J(W): No SLF4J providers were found.
SLF4J(W): Defaulting to no-operation (NOP) logger implementation
SLF4J(W): See https://www.slf4j.org/codes.html#noProviders for further details.
Sep 19, 2025 2:59:26 PM org.openqa.selenium.devtools.CdpVersionFinder findNearestMatch
WARNING: Unable to find CDP implementation matching 139
Sep 19, 2025 2:59:26 PM org.openqa.selenium.chromium.ChromiumDriver lambda$new$5
WARNING: Unable to find version of CDP to use for 139.0.7258.155. You may need to include a dependency on a specific version of the CDP using something similar to `org.seleniumhq.selenium:selenium-devtools-v86:4.23.0` where the version ("v86") matches the version of the chromium-based browser you're using and the version number of the artifact is the same as Selenium's.
]]></system-err>
  </testcase>
  <testcase name="runScenario[&quot;Login with valid credentials&quot;, &quot;Login functionality&quot;](2)" classname="Runners.TestRunner" time="9.405">
    <system-out><![CDATA[
Scenario Outline: Login with valid credentials                                              &amp#27;[90m# src/test/resources/features/Login.feature:12&amp#27;[0m
  &amp#27;[32mGiven &amp#27;[0m&amp#27;[32mUser navigates to login page&amp#27;[0m                                                        &amp#27;[90m# StepDefinitions.LoginStepDef.user_navigates_to_login_page()&amp#27;[0m
  &amp#27;[32mWhen &amp#27;[0m&amp#27;[32mUser has entered the valid email address &amp#27;[0m&amp#27;[32m&amp#27;[1m"amotooricap20@gmail.com"&amp#27;[0m&amp#27;[32m into email fields&amp#27;[0m &amp#27;[90m# StepDefinitions.LoginStepDef.user_has_entered_the_valid_email_address_into_email_fields(java.lang.String)&amp#27;[0m
  &amp#27;[32mAnd &amp#27;[0m&amp#27;[32mUser has entered the valid password &amp#27;[0m&amp#27;[32m&amp#27;[1m"12345"&amp#27;[0m&amp#27;[32m into password field&amp#27;[0m                       &amp#27;[90m# StepDefinitions.LoginStepDef.user_has_entered_the_valid_password_into_password_field(java.lang.String)&amp#27;[0m
  &amp#27;[32mAnd &amp#27;[0m&amp#27;[32mUser clicks on Login button&amp#27;[0m                                                           &amp#27;[90m# StepDefinitions.LoginStepDef.user_clicks_on_login_button()&amp#27;[0m
  &amp#27;[32mThen &amp#27;[0m&amp#27;[32mUser Should been login successfully&amp#27;[0m                                                  &amp#27;[90m# StepDefinitions.LoginStepDef.user_should_been_login_successfully()&amp#27;[0m
]]></system-out>
    <system-err><![CDATA[Sep 19, 2025 2:59:37 PM org.openqa.selenium.devtools.CdpVersionFinder findNearestMatch
WARNING: Unable to find CDP implementation matching 139
Sep 19, 2025 2:59:37 PM org.openqa.selenium.chromium.ChromiumDriver lambda$new$5
WARNING: Unable to find version of CDP to use for 139.0.7258.155. You may need to include a dependency on a specific version of the CDP using something similar to `org.seleniumhq.selenium:selenium-devtools-v86:4.23.0` where the version ("v86") matches the version of the chromium-based browser you're using and the version number of the artifact is the same as Selenium's.
]]></system-err>
  </testcase>
  <testcase name="runScenario[&quot;Login with valid credentials&quot;, &quot;Login functionality&quot;](3)" classname="Runners.TestRunner" time="9.522">
    <system-out><![CDATA[
Scenario Outline: Login with valid credentials                                             &amp#27;[90m# src/test/resources/features/Login.feature:13&amp#27;[0m
  &amp#27;[32mGiven &amp#27;[0m&amp#27;[32mUser navigates to login page&amp#27;[0m                                                       &amp#27;[90m# StepDefinitions.LoginStepDef.user_navigates_to_login_page()&amp#27;[0m
  &amp#27;[32mWhen &amp#27;[0m&amp#27;[32mUser has entered the valid email address &amp#27;[0m&amp#27;[32m&amp#27;[1m"amotooricap3@gmail.com"&amp#27;[0m&amp#27;[32m into email fields&amp#27;[0m &amp#27;[90m# StepDefinitions.LoginStepDef.user_has_entered_the_valid_email_address_into_email_fields(java.lang.String)&amp#27;[0m
  &amp#27;[32mAnd &amp#27;[0m&amp#27;[32mUser has entered the valid password &amp#27;[0m&amp#27;[32m&amp#27;[1m"12345"&amp#27;[0m&amp#27;[32m into password field&amp#27;[0m                      &amp#27;[90m# StepDefinitions.LoginStepDef.user_has_entered_the_valid_password_into_password_field(java.lang.String)&amp#27;[0m
  &amp#27;[32mAnd &amp#27;[0m&amp#27;[32mUser clicks on Login button&amp#27;[0m                                                          &amp#27;[90m# StepDefinitions.LoginStepDef.user_clicks_on_login_button()&amp#27;[0m
  &amp#27;[32mThen &amp#27;[0m&amp#27;[32mUser Should been login successfully&amp#27;[0m                                                 &amp#27;[90m# StepDefinitions.LoginStepDef.user_should_been_login_successfully()&amp#27;[0m
]]></system-out>
    <system-err><![CDATA[Sep 19, 2025 2:59:46 PM org.openqa.selenium.devtools.CdpVersionFinder findNearestMatch
WARNING: Unable to find CDP implementation matching 139
Sep 19, 2025 2:59:46 PM org.openqa.selenium.chromium.ChromiumDriver lambda$new$5
WARNING: Unable to find version of CDP to use for 139.0.7258.155. You may need to include a dependency on a specific version of the CDP using something similar to `org.seleniumhq.selenium:selenium-devtools-v86:4.23.0` where the version ("v86") matches the version of the chromium-based browser you're using and the version number of the artifact is the same as Selenium's.
]]></system-err>
  </testcase>
  <testcase name="runScenario[&quot;Login with invalid credentials&quot;, &quot;Login functionality&quot;](4)" classname="Runners.TestRunner" time="16.133">
    <system-out><![CDATA[
Scenario: Login with invalid credentials                                    &amp#27;[90m# src/test/resources/features/Login.feature:16&amp#27;[0m
  &amp#27;[32mGiven &amp#27;[0m&amp#27;[32mUser navigates to login page&amp#27;[0m                                        &amp#27;[90m# StepDefinitions.LoginStepDef.user_navigates_to_login_page()&amp#27;[0m
  &amp#27;[32mWhen &amp#27;[0m&amp#27;[32mUser has entered the invalid email address  into email fields&amp#27;[0m        &amp#27;[90m# StepDefinitions.LoginStepDef.user_has_entered_the_invalid_email_address_into_email_fields()&amp#27;[0m
  &amp#27;[32mAnd &amp#27;[0m&amp#27;[32mUser has entered the invalid password &amp#27;[0m&amp#27;[32m&amp#27;[1m"123456778"&amp#27;[0m&amp#27;[32m into password field&amp#27;[0m &amp#27;[90m# StepDefinitions.LoginStepDef.user_has_entered_the_invalid_password_into_password_field(java.lang.String)&amp#27;[0m
  &amp#27;[32mAnd &amp#27;[0m&amp#27;[32mUser clicks on Login button&amp#27;[0m                                           &amp#27;[90m# StepDefinitions.LoginStepDef.user_clicks_on_login_button()&amp#27;[0m
  &amp#27;[32mThen &amp#27;[0m&amp#27;[32mUser Should get an proper warning message about invalid credentials&amp#27;[0m  &amp#27;[90m# StepDefinitions.LoginStepDef.user_should_get_an_proper_warning_message_about_invalid_credentials()&amp#27;[0m
]]></system-out>
    <system-err><![CDATA[Sep 19, 2025 2:59:56 PM org.openqa.selenium.devtools.CdpVersionFinder findNearestMatch
WARNING: Unable to find CDP implementation matching 139
Sep 19, 2025 2:59:56 PM org.openqa.selenium.chromium.ChromiumDriver lambda$new$5
WARNING: Unable to find version of CDP to use for 139.0.7258.155. You may need to include a dependency on a specific version of the CDP using something similar to `org.seleniumhq.selenium:selenium-devtools-v86:4.23.0` where the version ("v86") matches the version of the chromium-based browser you're using and the version number of the artifact is the same as Selenium's.
]]></system-err>
  </testcase>
  <testcase name="runScenario[&quot;login with valid email and invalid password&quot;, &quot;Login functionality&quot;](5)" classname="Runners.TestRunner" time="8.696">
    <system-out><![CDATA[
Scenario: login with valid email and invalid password                                      &amp#27;[90m# src/test/resources/features/Login.feature:23&amp#27;[0m
  &amp#27;[32mGiven &amp#27;[0m&amp#27;[32mUser navigates to login page&amp#27;[0m                                                       &amp#27;[90m# StepDefinitions.LoginStepDef.user_navigates_to_login_page()&amp#27;[0m
  &amp#27;[32mWhen &amp#27;[0m&amp#27;[32mUser has entered the valid email address &amp#27;[0m&amp#27;[32m&amp#27;[1m"amotooricap3@gmail.com"&amp#27;[0m&amp#27;[32m into email fields&amp#27;[0m &amp#27;[90m# StepDefinitions.LoginStepDef.user_has_entered_the_valid_email_address_into_email_fields(java.lang.String)&amp#27;[0m
  &amp#27;[32mAnd &amp#27;[0m&amp#27;[32mUser has entered the invalid password &amp#27;[0m&amp#27;[32m&amp#27;[1m"123456778"&amp#27;[0m&amp#27;[32m into password field&amp#27;[0m                &amp#27;[90m# StepDefinitions.LoginStepDef.user_has_entered_the_invalid_password_into_password_field(java.lang.String)&amp#27;[0m
  &amp#27;[32mAnd &amp#27;[0m&amp#27;[32mUser clicks on Login button&amp#27;[0m                                                          &amp#27;[90m# StepDefinitions.LoginStepDef.user_clicks_on_login_button()&amp#27;[0m
  &amp#27;[32mThen &amp#27;[0m&amp#27;[32mUser Should get an proper warning message about invalid credentials&amp#27;[0m                 &amp#27;[90m# StepDefinitions.LoginStepDef.user_should_get_an_proper_warning_message_about_invalid_credentials()&amp#27;[0m
]]></system-out>
    <system-err><![CDATA[Sep 19, 2025 3:00:11 PM org.openqa.selenium.devtools.CdpVersionFinder findNearestMatch
WARNING: Unable to find CDP implementation matching 139
Sep 19, 2025 3:00:11 PM org.openqa.selenium.chromium.ChromiumDriver lambda$new$5
WARNING: Unable to find version of CDP to use for 139.0.7258.155. You may need to include a dependency on a specific version of the CDP using something similar to `org.seleniumhq.selenium:selenium-devtools-v86:4.23.0` where the version ("v86") matches the version of the chromium-based browser you're using and the version number of the artifact is the same as Selenium's.
]]></system-err>
  </testcase>
  <testcase name="runScenario[&quot;Login with invalid email and valid password&quot;, &quot;Login functionality&quot;](6)" classname="Runners.TestRunner" time="8.589">
    <system-out><![CDATA[
Scenario: Login with invalid email and valid password                      &amp#27;[90m# src/test/resources/features/Login.feature:30&amp#27;[0m
  &amp#27;[32mGiven &amp#27;[0m&amp#27;[32mUser navigates to login page&amp#27;[0m                                       &amp#27;[90m# StepDefinitions.LoginStepDef.user_navigates_to_login_page()&amp#27;[0m
  &amp#27;[32mWhen &amp#27;[0m&amp#27;[32mUser has entered the invalid email address  into email fields&amp#27;[0m       &amp#27;[90m# StepDefinitions.LoginStepDef.user_has_entered_the_invalid_email_address_into_email_fields()&amp#27;[0m
  &amp#27;[32mAnd &amp#27;[0m&amp#27;[32mUser has entered the valid password &amp#27;[0m&amp#27;[32m&amp#27;[1m"12345"&amp#27;[0m&amp#27;[32m into password field&amp#27;[0m      &amp#27;[90m# StepDefinitions.LoginStepDef.user_has_entered_the_valid_password_into_password_field(java.lang.String)&amp#27;[0m
  &amp#27;[32mAnd &amp#27;[0m&amp#27;[32mUser clicks on Login button&amp#27;[0m                                          &amp#27;[90m# StepDefinitions.LoginStepDef.user_clicks_on_login_button()&amp#27;[0m
  &amp#27;[32mThen &amp#27;[0m&amp#27;[32mUser Should get an proper warning message about invalid credentials&amp#27;[0m &amp#27;[90m# StepDefinitions.LoginStepDef.user_should_get_an_proper_warning_message_about_invalid_credentials()&amp#27;[0m
]]></system-out>
    <system-err><![CDATA[Sep 19, 2025 3:00:20 PM org.openqa.selenium.devtools.CdpVersionFinder findNearestMatch
WARNING: Unable to find CDP implementation matching 139
Sep 19, 2025 3:00:20 PM org.openqa.selenium.chromium.ChromiumDriver lambda$new$5
WARNING: Unable to find version of CDP to use for 139.0.7258.155. You may need to include a dependency on a specific version of the CDP using something similar to `org.seleniumhq.selenium:selenium-devtools-v86:4.23.0` where the version ("v86") matches the version of the chromium-based browser you're using and the version number of the artifact is the same as Selenium's.
]]></system-err>
  </testcase>
  <testcase name="runScenario[&quot;Login without providing any credentials&quot;, &quot;Login functionality&quot;](7)" classname="Runners.TestRunner" time="8.782">
    <system-out><![CDATA[
Scenario: Login without providing any credentials                          &amp#27;[90m# src/test/resources/features/Login.feature:37&amp#27;[0m
  &amp#27;[32mGiven &amp#27;[0m&amp#27;[32mUser navigates to login page&amp#27;[0m                                       &amp#27;[90m# StepDefinitions.LoginStepDef.user_navigates_to_login_page()&amp#27;[0m
  &amp#27;[32mWhen &amp#27;[0m&amp#27;[32mUser doesn't entered email address  into email fields&amp#27;[0m               &amp#27;[90m# StepDefinitions.LoginStepDef.user_doesn_t_entered_email_address_into_email_fields()&amp#27;[0m
  &amp#27;[32mAnd &amp#27;[0m&amp#27;[32mUser doesn't entered  password  into password field&amp#27;[0m                  &amp#27;[90m# StepDefinitions.LoginStepDef.user_doesn_t_entered_password_into_password_field()&amp#27;[0m
  &amp#27;[32mAnd &amp#27;[0m&amp#27;[32mUser clicks on Login button&amp#27;[0m                                          &amp#27;[90m# StepDefinitions.LoginStepDef.user_clicks_on_login_button()&amp#27;[0m
  &amp#27;[32mThen &amp#27;[0m&amp#27;[32mUser Should get an proper warning message about invalid credentials&amp#27;[0m &amp#27;[90m# StepDefinitions.LoginStepDef.user_should_get_an_proper_warning_message_about_invalid_credentials()&amp#27;[0m
]]></system-out>
    <system-err><![CDATA[Sep 19, 2025 3:00:29 PM org.openqa.selenium.devtools.CdpVersionFinder findNearestMatch
WARNING: Unable to find CDP implementation matching 139
Sep 19, 2025 3:00:29 PM org.openqa.selenium.chromium.ChromiumDriver lambda$new$5
WARNING: Unable to find version of CDP to use for 139.0.7258.155. You may need to include a dependency on a specific version of the CDP using something similar to `org.seleniumhq.selenium:selenium-devtools-v86:4.23.0` where the version ("v86") matches the version of the chromium-based browser you're using and the version number of the artifact is the same as Selenium's.
]]></system-err>
  </testcase>
  <testcase name="runScenario[&quot;User is able to create an account only with mandatory fields&quot;, &quot;Registration functionality scenarios&quot;](8)" classname="Runners.TestRunner" time="9.824">
    <system-out><![CDATA[
Scenario: User is able to create an account only with mandatory fields      &amp#27;[90m# src/test/resources/features/Register.feature:3&amp#27;[0m
  &amp#27;[32mGiven &amp#27;[0m&amp#27;[32mUser navigates to Register Account page&amp#27;[0m                             &amp#27;[90m# StepDefinitions.RegisterStepDef.user_navigates_to_register_account_page()&amp#27;[0m
  &amp#27;[32mWhen &amp#27;[0m&amp#27;[32mUser enters the details into below fields&amp#27;[0m                            &amp#27;[90m# StepDefinitions.RegisterStepDef.userEntersTheDetailsIntoBelowFields(io.cucumber.datatable.DataTable)&amp#27;[0m
    | FirstName | Ravi       |
    | LastName  | Kiran      |
    | Telephone | 9212345678 |
    | Password  | 12345      |
  &amp#27;[32mAnd &amp#27;[0m&amp#27;[32mUser select Yes the Privacy Policy&amp#27;[0m                                    &amp#27;[90m# StepDefinitions.RegisterStepDef.userSelectYesThePrivacyPolicy()&amp#27;[0m
  &amp#27;[32mAnd &amp#27;[0m&amp#27;[32mUser click on continue button&amp#27;[0m                                         &amp#27;[90m# StepDefinitions.RegisterStepDef.user_click_on_continue_button()&amp#27;[0m
  &amp#27;[32mThen &amp#27;[0m&amp#27;[32mUser  should see that the User Account has successfully been created&amp#27;[0m &amp#27;[90m# StepDefinitions.RegisterStepDef.userShouldSeeThatTheUserAccountHasSuccessfullyBeenCreated()&amp#27;[0m
]]></system-out>
    <system-err><![CDATA[Sep 19, 2025 3:00:38 PM org.openqa.selenium.devtools.CdpVersionFinder findNearestMatch
WARNING: Unable to find CDP implementation matching 139
Sep 19, 2025 3:00:38 PM org.openqa.selenium.chromium.ChromiumDriver lambda$new$5
WARNING: Unable to find version of CDP to use for 139.0.7258.155. You may need to include a dependency on a specific version of the CDP using something similar to `org.seleniumhq.selenium:selenium-devtools-v86:4.23.0` where the version ("v86") matches the version of the chromium-based browser you're using and the version number of the artifact is the same as Selenium's.
]]></system-err>
  </testcase>
  <testcase name="runScenario[&quot;User creates an duplicate account&quot;, &quot;Registration functionality scenarios&quot;](9)" classname="Runners.TestRunner" time="9.313">
    <system-out><![CDATA[
Scenario: User creates an duplicate account                           &amp#27;[90m# src/test/resources/features/Register.feature:15&amp#27;[0m
  &amp#27;[32mGiven &amp#27;[0m&amp#27;[32mUser navigates to Register Account page&amp#27;[0m                       &amp#27;[90m# StepDefinitions.RegisterStepDef.user_navigates_to_register_account_page()&amp#27;[0m
  &amp#27;[32mWhen &amp#27;[0m&amp#27;[32mUser enters the details with duplicate email into below fields&amp#27;[0m &amp#27;[90m# StepDefinitions.RegisterStepDef.userEntersTheDetailsWithDuplicateEmailIntoBelowFields(io.cucumber.datatable.DataTable)&amp#27;[0m
    | FirstName | Ravi            |
    | LastName  | Kiran           |
    | Email     | Vic90@gmail.com |
    | Telephone | 9212345678      |
    | Password  | 12345           |
  &amp#27;[32mAnd &amp#27;[0m&amp#27;[32mUser select Yes the Privacy Policy&amp#27;[0m                              &amp#27;[90m# StepDefinitions.RegisterStepDef.userSelectYesThePrivacyPolicy()&amp#27;[0m
  &amp#27;[32mAnd &amp#27;[0m&amp#27;[32mUser select Yes for the newsletter&amp#27;[0m                              &amp#27;[90m# StepDefinitions.RegisterStepDef.userSelectYesForTheNewsletter()&amp#27;[0m
  &amp#27;[32mAnd &amp#27;[0m&amp#27;[32mUser click on continue button&amp#27;[0m                                   &amp#27;[90m# StepDefinitions.RegisterStepDef.user_click_on_continue_button()&amp#27;[0m
  &amp#27;[32mThen &amp#27;[0m&amp#27;[32mUser should see proper warning message about duplicate email&amp#27;[0m   &amp#27;[90m# StepDefinitions.RegisterStepDef.userShouldSeeProperWarningMessageAboutDuplicateEmail()&amp#27;[0m
]]></system-out>
    <system-err><![CDATA[Sep 19, 2025 3:00:47 PM org.openqa.selenium.devtools.CdpVersionFinder findNearestMatch
WARNING: Unable to find CDP implementation matching 139
Sep 19, 2025 3:00:47 PM org.openqa.selenium.chromium.ChromiumDriver lambda$new$5
WARNING: Unable to find version of CDP to use for 139.0.7258.155. You may need to include a dependency on a specific version of the CDP using something similar to `org.seleniumhq.selenium:selenium-devtools-v86:4.23.0` where the version ("v86") matches the version of the chromium-based browser you're using and the version number of the artifact is the same as Selenium's.
]]></system-err>
  </testcase>
  <testcase name="runScenario[&quot;User creates an Account without filling any details&quot;, &quot;Registration functionality scenarios&quot;](10)" classname="Runners.TestRunner" time="7.344">
    <system-out><![CDATA[
Scenario: User creates an Account without filling any details    &amp#27;[90m# src/test/resources/features/Register.feature:28&amp#27;[0m
  &amp#27;[32mGiven &amp#27;[0m&amp#27;[32mUser navigates to Register Account page&amp#27;[0m                  &amp#27;[90m# StepDefinitions.RegisterStepDef.user_navigates_to_register_account_page()&amp#27;[0m
  &amp#27;[32mWhen &amp#27;[0m&amp#27;[32mUser doesn't enter  any details&amp#27;[0m                           &amp#27;[90m# StepDefinitions.RegisterStepDef.user_doesn_t_enter_any_details()&amp#27;[0m
  &amp#27;[32mAnd &amp#27;[0m&amp#27;[32mUser click on continue button&amp#27;[0m                              &amp#27;[90m# StepDefinitions.RegisterStepDef.user_click_on_continue_button()&amp#27;[0m
  &amp#27;[32mThen &amp#27;[0m&amp#27;[32mUser should see a proper messages in all mandatory fields&amp#27;[0m &amp#27;[90m# StepDefinitions.RegisterStepDef.user_should_see_a_proper_messages_in_all_mandatory_fields()&amp#27;[0m
]]></system-out>
    <system-err><![CDATA[Sep 19, 2025 3:00:57 PM org.openqa.selenium.devtools.CdpVersionFinder findNearestMatch
WARNING: Unable to find CDP implementation matching 139
Sep 19, 2025 3:00:57 PM org.openqa.selenium.chromium.ChromiumDriver lambda$new$5
WARNING: Unable to find version of CDP to use for 139.0.7258.155. You may need to include a dependency on a specific version of the CDP using something similar to `org.seleniumhq.selenium:selenium-devtools-v86:4.23.0` where the version ("v86") matches the version of the chromium-based browser you're using and the version number of the artifact is the same as Selenium's.
]]></system-err>
  </testcase>
  <testcase name="runScenario[&quot;User search for existing product&quot;, &quot;Search functionality&quot;](11)" classname="Runners.TestRunner" time="7.81">
    <system-out><![CDATA[
Scenario: User search for existing product                   &amp#27;[90m# src/test/resources/features/Search.feature:3&amp#27;[0m
  &amp#27;[32mGiven &amp#27;[0m&amp#27;[32mUser opens application URL&amp#27;[0m                           &amp#27;[90m# StepDefinitions.SearchStepDef.user_opens_application_url()&amp#27;[0m
  &amp#27;[32mWhen &amp#27;[0m&amp#27;[32mUser search for a product &amp#27;[0m&amp#27;[32m&amp#27;[1m"HP"&amp#27;[0m                        &amp#27;[90m# StepDefinitions.SearchStepDef.user_search_for_a_product(java.lang.String)&amp#27;[0m
  &amp#27;[32mAnd &amp#27;[0m&amp#27;[32mUser click on Search button&amp#27;[0m                            &amp#27;[90m# StepDefinitions.SearchStepDef.user_click_on_search_button()&amp#27;[0m
  &amp#27;[32mThen &amp#27;[0m&amp#27;[32mUser should see a valid product in the search results&amp#27;[0m &amp#27;[90m# StepDefinitions.SearchStepDef.user_should_see_a_valid_product_in_the_search_results()&amp#27;[0m
]]></system-out>
    <system-err><![CDATA[Sep 19, 2025 3:01:04 PM org.openqa.selenium.devtools.CdpVersionFinder findNearestMatch
WARNING: Unable to find CDP implementation matching 139
Sep 19, 2025 3:01:04 PM org.openqa.selenium.chromium.ChromiumDriver lambda$new$5
WARNING: Unable to find version of CDP to use for 139.0.7258.155. You may need to include a dependency on a specific version of the CDP using something similar to `org.seleniumhq.selenium:selenium-devtools-v86:4.23.0` where the version ("v86") matches the version of the chromium-based browser you're using and the version number of the artifact is the same as Selenium's.
]]></system-err>
  </testcase>
  <testcase name="runScenario[&quot;User search for not  existing product&quot;, &quot;Search functionality&quot;](12)" classname="Runners.TestRunner" time="5.837">
    <system-out><![CDATA[
Scenario: User search for not  existing product                     &amp#27;[90m# src/test/resources/features/Search.feature:9&amp#27;[0m
  &amp#27;[32mGiven &amp#27;[0m&amp#27;[32mUser opens application URL&amp#27;[0m                                  &amp#27;[90m# StepDefinitions.SearchStepDef.user_opens_application_url()&amp#27;[0m
  &amp#27;[32mWhen &amp#27;[0m&amp#27;[32mUser search for an invalid product &amp#27;[0m&amp#27;[32m&amp#27;[1m"Honda"&amp#27;[0m                   &amp#27;[90m# StepDefinitions.SearchStepDef.userSearchForAnInvalidProduct(java.lang.String)&amp#27;[0m
  &amp#27;[32mAnd &amp#27;[0m&amp#27;[32mUser click on Search button&amp#27;[0m                                   &amp#27;[90m# StepDefinitions.SearchStepDef.user_click_on_search_button()&amp#27;[0m
  &amp#27;[32mThen &amp#27;[0m&amp#27;[32mUser should get an warning message about no product matching&amp#27;[0m &amp#27;[90m# StepDefinitions.SearchStepDef.user_should_get_an_warning_message_about_no_product_matching()&amp#27;[0m
]]></system-out>
    <system-err><![CDATA[Sep 19, 2025 3:01:12 PM org.openqa.selenium.devtools.CdpVersionFinder findNearestMatch
WARNING: Unable to find CDP implementation matching 139
Sep 19, 2025 3:01:12 PM org.openqa.selenium.chromium.ChromiumDriver lambda$new$5
WARNING: Unable to find version of CDP to use for 139.0.7258.155. You may need to include a dependency on a specific version of the CDP using something similar to `org.seleniumhq.selenium:selenium-devtools-v86:4.23.0` where the version ("v86") matches the version of the chromium-based browser you're using and the version number of the artifact is the same as Selenium's.
]]></system-err>
  </testcase>
  <testcase name="runScenario[&quot;User searches without any product&quot;, &quot;Search functionality&quot;](13)" classname="Runners.TestRunner" time="5.876">
    <system-out><![CDATA[
Scenario: User searches without any product                         &amp#27;[90m# src/test/resources/features/Search.feature:15&amp#27;[0m
  &amp#27;[32mGiven &amp#27;[0m&amp#27;[32mUser opens application URL&amp#27;[0m                                  &amp#27;[90m# StepDefinitions.SearchStepDef.user_opens_application_url()&amp#27;[0m
  &amp#27;[32mWhen &amp#27;[0m&amp#27;[32mUser doesn't enter any product name in the search field&amp#27;[0m      &amp#27;[90m# StepDefinitions.SearchStepDef.user_doesn_t_enter_any_product_name_in_the_search_field()&amp#27;[0m
  &amp#27;[32mAnd &amp#27;[0m&amp#27;[32mUser click on Search button&amp#27;[0m                                   &amp#27;[90m# StepDefinitions.SearchStepDef.user_click_on_search_button()&amp#27;[0m
  &amp#27;[32mThen &amp#27;[0m&amp#27;[32mUser should get an warning message about no product matching&amp#27;[0m &amp#27;[90m# StepDefinitions.SearchStepDef.user_should_get_an_warning_message_about_no_product_matching()&amp#27;[0m
]]></system-out>
    <system-err><![CDATA[Sep 19, 2025 3:01:18 PM org.openqa.selenium.devtools.CdpVersionFinder findNearestMatch
WARNING: Unable to find CDP implementation matching 139
Sep 19, 2025 3:01:18 PM org.openqa.selenium.chromium.ChromiumDriver lambda$new$5
WARNING: Unable to find version of CDP to use for 139.0.7258.155. You may need to include a dependency on a specific version of the CDP using something similar to `org.seleniumhq.selenium:selenium-devtools-v86:4.23.0` where the version ("v86") matches the version of the chromium-based browser you're using and the version number of the artifact is the same as Selenium's.
]]></system-err>
  </testcase>
</testsuite>