<?xml version="1.0" encoding="UTF-8"?>
<!-- Generated by org.testng.reporters.JUnitReportReporter -->
<testsuite hostname="vicplach" failures="0" tests="13" name="Runners.TestRunner" time="121.986" errors="0" timestamp="2025-09-19T15:01:23 EDT" skipped="0">
  <testcase classname="Runners.TestRunner" name="runScenario" time="8.703"/>
  <system-out/>
  <testcase classname="Runners.TestRunner" name="runScenario" time="5.839"/>
  <system-out/>
  <testcase classname="Runners.TestRunner" name="runScenario" time="9.523"/>
  <system-out/>
  <testcase classname="Runners.TestRunner" name="runScenario" time="8.596"/>
  <system-out/>
  <testcase classname="Runners.TestRunner" name="runScenario" time="5.877"/>
  <system-out/>
  <testcase classname="Runners.TestRunner" name="runScenario" time="8.785"/>
  <system-out/>
  <testcase classname="Runners.TestRunner" name="runScenario" time="16.130"/>
  <system-out/>
  <testcase classname="Runners.TestRunner" name="runScenario" time="9.408"/>
  <system-out/>
  <testcase classname="Runners.TestRunner" name="runScenario" time="9.313"/>
  <system-out/>
  <testcase classname="Runners.TestRunner" name="runScenario" time="14.820"/>
  <system-out/>
  <testcase classname="Runners.TestRunner" name="runScenario" time="7.819"/>
  <system-out/>
  <testcase classname="Runners.TestRunner" name="runScenario" time="9.825"/>
  <system-out/>
  <testcase classname="Runners.TestRunner" name="runScenario" time="7.348"/>
  <system-out/>
</testsuite> <!-- Runners.TestRunner -->
