<?xml version="1.0" encoding="UTF-8"?>
<!-- Generated by org.testng.reporters.JUnitReportReporter -->
<testsuite hostname="vicplach" failures="0" tests="13" name="Runners.TestRunner" time="147.796" errors="0" timestamp="2025-09-19T17:17:20 EDT" skipped="0">
  <testcase classname="Runners.TestRunner" name="runScenario" time="16.659"/>
  <system-out/>
  <testcase classname="Runners.TestRunner" name="runScenario" time="5.968"/>
  <system-out/>
  <testcase classname="Runners.TestRunner" name="runScenario" time="10.287"/>
  <system-out/>
  <testcase classname="Runners.TestRunner" name="runScenario" time="9.583"/>
  <system-out/>
  <testcase classname="Runners.TestRunner" name="runScenario" time="27.335"/>
  <system-out/>
  <testcase classname="Runners.TestRunner" name="runScenario" time="6.583"/>
  <system-out/>
  <testcase classname="Runners.TestRunner" name="runScenario" time="10.137"/>
  <system-out/>
  <testcase classname="Runners.TestRunner" name="runScenario" time="9.536"/>
  <system-out/>
  <testcase classname="Runners.TestRunner" name="runScenario" time="8.502"/>
  <system-out/>
  <testcase classname="Runners.TestRunner" name="runScenario" time="6.853"/>
  <system-out/>
  <testcase classname="Runners.TestRunner" name="runScenario" time="14.795"/>
  <system-out/>
  <testcase classname="Runners.TestRunner" name="runScenario" time="12.675"/>
  <system-out/>
  <testcase classname="Runners.TestRunner" name="runScenario" time="8.883"/>
  <system-out/>
</testsuite> <!-- Runners.TestRunner -->
